{"exception": "-", "method": "POST", "url": "/users/register", "ip": "::1", "date": "14/Jan/2025:01:53:08 +0000"}
{"exception": "-", "method": "POST", "url": "/users/register", "ip": "::1", "date": "14/Jan/2025:01:53:40 +0000"}
{"exception": "-", "method": "GET", "url": "/CheckRole", "ip": "::1", "date": "14/Jan/2025:02:20:03 +0000"}
{"exception": "-", "method": "POST", "url": "/users/login", "ip": "::1", "date": "14/Jan/2025:02:20:37 +0000"}
{"exception": "-", "method": "POST", "url": "/users/login", "ip": "::1", "date": "14/Jan/2025:02:20:43 +0000"}
{"exception": "-", "method": "GET", "url": "/CheckRole", "ip": "::1", "date": "14/Jan/2025:02:21:02 +0000"}
{"exception": "-", "method": "POST", "url": "/users/login", "ip": "::1", "date": "14/Jan/2025:02:21:15 +0000"}
{"exception": "-", "method": "POST", "url": "/users/login", "ip": "::1", "date": "14/Jan/2025:02:21:36 +0000"}
{"exception": "-", "method": "GET", "url": "/CheckRole", "ip": "::1", "date": "14/Jan/2025:02:22:32 +0000"}
{"exception": "-", "method": "POST", "url": "/users/login", "ip": "::ffff:127.0.0.1", "date": "14/Jan/2025:02:23:20 +0000"}
{"exception": "-", "method": "POST", "url": "/users/login", "ip": "::1", "date": "14/Jan/2025:02:24:30 +0000"}
{"exception": "-", "method": "GET", "url": "/CheckRole", "ip": "::1", "date": "14/Jan/2025:02:28:34 +0000"}
{"exception": "-", "method": "GET", "url": "/CheckRole", "ip": "::1", "date": "14/Jan/2025:02:28:40 +0000"}
{"exception": "-", "method": "GET", "url": "/CheckRole", "ip": "::1", "date": "14/Jan/2025:02:28:57 +0000"}
{"exception": "-", "method": "GET", "url": "/favicon.ico", "ip": "::1", "date": "14/Jan/2025:02:28:58 +0000"}
{"exception": "-", "method": "POST", "url": "/users/login", "ip": "::1", "date": "14/Jan/2025:02:32:36 +0000"}
{"exception": "-", "method": "GET", "url": "/CheckRole", "ip": "::1", "date": "14/Jan/2025:02:32:42 +0000"}
{"exception": "-", "method": "GET", "url": "/CheckRole", "ip": "::1", "date": "14/Jan/2025:02:32:42 +0000"}
{"exception": "-", "method": "GET", "url": "/CheckRole", "ip": "::1", "date": "14/Jan/2025:02:33:16 +0000"}
{"exception": "-", "method": "GET", "url": "/CheckRole", "ip": "::1", "date": "14/Jan/2025:02:33:16 +0000"}
{"exception": "-", "method": "GET", "url": "/CheckRole", "ip": "::1", "date": "14/Jan/2025:02:33:20 +0000"}
{"exception": "-", "method": "POST", "url": "/users/login", "ip": "::1", "date": "14/Jan/2025:02:33:44 +0000"}
{"exception": "-", "method": "GET", "url": "/CheckRole", "ip": "::1", "date": "14/Jan/2025:02:33:47 +0000"}
{"exception": "-", "method": "GET", "url": "/CheckRole", "ip": "::1", "date": "14/Jan/2025:02:33:47 +0000"}
{"exception": "-", "method": "GET", "url": "/CheckRole", "ip": "::1", "date": "14/Jan/2025:02:35:29 +0000"}
{"exception": "-", "method": "POST", "url": "/users/login", "ip": "::1", "date": "14/Jan/2025:02:35:41 +0000"}
{"exception": "-", "method": "GET", "url": "/CheckRole", "ip": "::1", "date": "14/Jan/2025:02:35:43 +0000"}
{"exception": "-", "method": "GET", "url": "/CheckRole", "ip": "::1", "date": "14/Jan/2025:02:35:43 +0000"}
{"exception": "-", "method": "GET", "url": "/CheckRole", "ip": "::1", "date": "14/Jan/2025:02:37:24 +0000"}
{"exception": "-", "method": "GET", "url": "/CheckRole", "ip": "::1", "date": "14/Jan/2025:02:37:24 +0000"}
{"exception": "-", "method": "GET", "url": "/CheckRole", "ip": "::1", "date": "14/Jan/2025:02:37:34 +0000"}
{"exception": "-", "method": "POST", "url": "/users/login", "ip": "::1", "date": "14/Jan/2025:02:37:45 +0000"}
{"exception": "-", "method": "GET", "url": "/CheckRole", "ip": "::1", "date": "14/Jan/2025:02:37:47 +0000"}
{"exception": "-", "method": "GET", "url": "/CheckRole", "ip": "::1", "date": "14/Jan/2025:02:37:47 +0000"}
{"exception": "-", "method": "GET", "url": "/CheckRole", "ip": "::1", "date": "14/Jan/2025:02:39:04 +0000"}
{"exception": "-", "method": "GET", "url": "/CheckRole", "ip": "::1", "date": "14/Jan/2025:02:39:04 +0000"}
{"exception": "-", "method": "GET", "url": "/CheckRole", "ip": "::1", "date": "14/Jan/2025:02:41:31 +0000"}
{"exception": "-", "method": "GET", "url": "/CheckRole", "ip": "::1", "date": "14/Jan/2025:02:41:44 +0000"}
{"exception": "-", "method": "POST", "url": "/users/login", "ip": "::1", "date": "14/Jan/2025:02:42:06 +0000"}
{"exception": "-", "method": "GET", "url": "/CheckRole", "ip": "::1", "date": "14/Jan/2025:02:42:08 +0000"}
{"exception": "-", "method": "GET", "url": "/CheckRole", "ip": "::1", "date": "14/Jan/2025:02:46:36 +0000"}
{"exception": "-", "method": "GET", "url": "/CheckRole", "ip": "::1", "date": "14/Jan/2025:02:46:41 +0000"}
{"exception": "-", "method": "GET", "url": "/", "ip": "::1", "date": "17/Jan/2025:04:34:47 +0000"}
{"exception": "-", "method": "GET", "url": "/home.html", "ip": "::1", "date": "17/Jan/2025:04:35:11 +0000"}
{"exception": "-", "method": "GET", "url": "/css/font-awesome.min.css", "ip": "::1", "date": "17/Jan/2025:04:35:11 +0000"}
{"exception": "-", "method": "GET", "url": "/css/slicknav.min.css", "ip": "::1", "date": "17/Jan/2025:04:35:11 +0000"}
{"exception": "-", "method": "GET", "url": "/css/owl.carousel.min.css", "ip": "::1", "date": "17/Jan/2025:04:35:11 +0000"}
{"exception": "-", "method": "GET", "url": "/css/magnific-popup.css", "ip": "::1", "date": "17/Jan/2025:04:35:11 +0000"}
{"exception": "-", "method": "GET", "url": "/css/bootstrap.min.css", "ip": "::1", "date": "17/Jan/2025:04:35:11 +0000"}
{"exception": "-", "method": "GET", "url": "/css/animate.css", "ip": "::1", "date": "17/Jan/2025:04:35:11 +0000"}
{"exception": "-", "method": "GET", "url": "/css/style.css", "ip": "::1", "date": "17/Jan/2025:04:35:11 +0000"}
{"exception": "-", "method": "GET", "url": "/img/icons/white-down-arrow.png", "ip": "::1", "date": "17/Jan/2025:04:35:11 +0000"}
{"exception": "-", "method": "GET", "url": "/img/Movie-Logo-2.png", "ip": "::1", "date": "17/Jan/2025:04:35:11 +0000"}
{"exception": "-", "method": "GET", "url": "/img/icons/search-icon.png", "ip": "::1", "date": "17/Jan/2025:04:35:11 +0000"}
{"exception": "-", "method": "GET", "url": "/img/icons/double-arrow.png", "ip": "::1", "date": "17/Jan/2025:04:35:11 +0000"}
{"exception": "-", "method": "GET", "url": "/img/icons/white-up-arrow.png", "ip": "::1", "date": "17/Jan/2025:04:35:11 +0000"}
{"exception": "-", "method": "GET", "url": "/js/jquery-3.2.1.min.js", "ip": "::1", "date": "17/Jan/2025:04:35:11 +0000"}
{"exception": "-", "method": "GET", "url": "/js/bootstrap.min.js", "ip": "::1", "date": "17/Jan/2025:04:35:11 +0000"}
{"exception": "-", "method": "GET", "url": "/js/jquery.slicknav.min.js", "ip": "::1", "date": "17/Jan/2025:04:35:11 +0000"}
{"exception": "-", "method": "GET", "url": "/js/owl.carousel.min.js", "ip": "::1", "date": "17/Jan/2025:04:35:11 +0000"}
{"exception": "-", "method": "GET", "url": "/js/jquery.sticky-sidebar.min.js", "ip": "::1", "date": "17/Jan/2025:04:35:11 +0000"}
{"exception": "-", "method": "GET", "url": "/js/jquery.magnific-popup.min.js", "ip": "::1", "date": "17/Jan/2025:04:35:11 +0000"}
{"exception": "-", "method": "GET", "url": "/js/main.js", "ip": "::1", "date": "17/Jan/2025:04:35:11 +0000"}
{"exception": "-", "method": "GET", "url": "/img/Movie-Logo-3.jpg", "ip": "::1", "date": "17/Jan/2025:04:35:11 +0000"}
{"exception": "-", "method": "GET", "url": "/img/Movie-Logo-1.png", "ip": "::1", "date": "17/Jan/2025:04:35:11 +0000"}
{"exception": "-", "method": "GET", "url": "/img/BG-Home.jpg", "ip": "::1", "date": "17/Jan/2025:04:35:11 +0000"}
{"exception": "-", "method": "GET", "url": "/icon-fonts/fontawesome-webfont.woff2?v=4.7.0", "ip": "::1", "date": "17/Jan/2025:04:35:11 +0000"}
{"exception": "-", "method": "GET", "url": "/icon-fonts/fontawesome-webfont.woff?v=4.7.0", "ip": "::1", "date": "17/Jan/2025:04:35:11 +0000"}
{"exception": "-", "method": "GET", "url": "/icon-fonts/fontawesome-webfont.ttf?v=4.7.0", "ip": "::1", "date": "17/Jan/2025:04:35:11 +0000"}
{"exception": "-", "method": "GET", "url": "/img/logo4.1.png", "ip": "::1", "date": "17/Jan/2025:04:35:11 +0000"}
